0 info it worked if it ends with ok
1 verbose cli [ '/usr/local/bin/node', '/usr/local/bin/npm', 'start' ]
2 info using npm@3.10.8
3 info using node@v6.9.1
4 verbose run-script [ 'prestart', 'start', 'poststart' ]
5 info lifecycle bungie-api-ts@1.13.0~prestart: bungie-api-ts@1.13.0
6 silly lifecycle bungie-api-ts@1.13.0~prestart: no script for prestart, continuing
7 info lifecycle bungie-api-ts@1.13.0~start: bungie-api-ts@1.13.0
8 verbose lifecycle bungie-api-ts@1.13.0~start: unsafe-perm in lifecycle true
9 verbose lifecycle bungie-api-ts@1.13.0~start: PATH: /usr/local/lib/node_modules/npm/bin/node-gyp-bin:/Users/marquesini/workspace/flutter/bungie-api-dart/generator/node_modules/.bin:/Users/marquesini/sdks/flutter/bin:/usr/local/php5/bin:/Users/marquesini/.rbenv/shims:/usr/local/bin:/usr/bin:/bin:/usr/sbin:/sbin:/usr/local/aria2/bin:/opt/X11/bin:/Users/marquesini/sdks/flutter/bin:/usr/local/php5/bin:/Users/marquesini/.rbenv/shims:/usr/local/Caskroom/android-sdk/25.2.3/platform-tools:/usr/local/Caskroom/android-sdk/25.2.3/platform-tools
10 verbose lifecycle bungie-api-ts@1.13.0~start: CWD: /Users/marquesini/workspace/flutter/bungie-api-dart/generator
11 silly lifecycle bungie-api-ts@1.13.0~start: Args: [ '-c', './build.sh' ]
12 silly lifecycle bungie-api-ts@1.13.0~start: Returned: code: 1  signal: null
13 info lifecycle bungie-api-ts@1.13.0~start: Failed to exec start script
14 verbose stack Error: bungie-api-ts@1.13.0 start: `./build.sh`
14 verbose stack Exit status 1
14 verbose stack     at EventEmitter.<anonymous> (/usr/local/lib/node_modules/npm/lib/utils/lifecycle.js:255:16)
14 verbose stack     at emitTwo (events.js:106:13)
14 verbose stack     at EventEmitter.emit (events.js:191:7)
14 verbose stack     at ChildProcess.<anonymous> (/usr/local/lib/node_modules/npm/lib/utils/spawn.js:40:14)
14 verbose stack     at emitTwo (events.js:106:13)
14 verbose stack     at ChildProcess.emit (events.js:191:7)
14 verbose stack     at maybeClose (internal/child_process.js:877:16)
14 verbose stack     at Process.ChildProcess._handle.onexit (internal/child_process.js:226:5)
15 verbose pkgid bungie-api-ts@1.13.0
16 verbose cwd /Users/marquesini/workspace/flutter/bungie-api-dart/generator
17 error Darwin 17.7.0
18 error argv "/usr/local/bin/node" "/usr/local/bin/npm" "start"
19 error node v6.9.1
20 error npm  v3.10.8
21 error code ELIFECYCLE
22 error bungie-api-ts@1.13.0 start: `./build.sh`
22 error Exit status 1
23 error Failed at the bungie-api-ts@1.13.0 start script './build.sh'.
23 error Make sure you have the latest version of node.js and npm installed.
23 error If you do, this is most likely a problem with the bungie-api-ts package,
23 error not with npm itself.
23 error Tell the author that this fails on your system:
23 error     ./build.sh
23 error You can get information on how to open an issue for this project with:
23 error     npm bugs bungie-api-ts
23 error Or if that isn't available, you can get their info via:
23 error     npm owner ls bungie-api-ts
23 error There is likely additional logging output above.
24 verbose exit [ 1, true ]
